<?xml version="1.0" encoding="UTF-8"?>
<!-- Generated by org.testng.reporters.JUnitXMLReporter -->
<testsuite ignored="0" hostname="Gangulas-MacBook-Air.local" failures="0" tests="3" name="Default test" time="20.351" errors="0" timestamp="2024-07-09T12:00:28 IST">
  <testcase classname="com.gvk.TestCases.standalonetestdataprovider" name="standalone" time="2.638"/>
  <testcase classname="com.gvk.TestCases.standalonetestdataprovider" name="orderhistory" time="0.526"/>
  <testcase classname="com.gvk.TestCases.standalonetestdataprovider" name="orderhistory" time="0.512"/>
</testsuite> <!-- Default test -->
