<?xml version="1.0" encoding="UTF-8"?>
<!-- Generated by org.testng.reporters.JUnitXMLReporter -->
<testsuite ignored="0" hostname="MFCLT9J28003" failures="0" tests="1" name="Test1" time="0.726" errors="0" timestamp="2024-01-28T17:13:45 IST">
  <testcase classname="com.gvk.TestBase.BaseClass" name="@BeforeMethod launchapplication" time="0.457">
    <failure type="java.lang.NullPointerException" message="Cannot invoke &amp;quot;org.openqa.selenium.WebDriver.manage()&amp;quot; because &amp;quot;this.driver&amp;quot; is null">
      <![CDATA[java.lang.NullPointerException: Cannot invoke "org.openqa.selenium.WebDriver.manage()" because "this.driver" is null
at com.gvk.TestBase.BaseClass.initialisedriver(BaseClass.java:83)
at com.gvk.TestBase.BaseClass.launchapplication(BaseClass.java:93)
at java.base/java.util.ArrayList.forEach(ArrayList.java:1511)
... Removed 31 stack frames]]>
    </failure>
  </testcase> <!-- @BeforeMethod launchapplication -->
  <testcase classname="com.gvk.TestBase.BaseClass" name="@AfterMethod teardown" time="0.0">
    <failure type="java.lang.NullPointerException" message="Cannot invoke &amp;quot;org.openqa.selenium.WebDriver.close()&amp;quot; because &amp;quot;this.driver&amp;quot; is null">
      <![CDATA[java.lang.NullPointerException: Cannot invoke "org.openqa.selenium.WebDriver.close()" because "this.driver" is null
at com.gvk.TestBase.BaseClass.teardown(BaseClass.java:102)
at java.base/java.util.ArrayList.forEach(ArrayList.java:1511)
... Removed 32 stack frames]]>
    </failure>
  </testcase> <!-- @AfterMethod teardown -->
  <testcase classname="com.gvk.TestCases.standalonetestPOMmodified" name="standalone" time="0.0">
    <skipped/>
  </testcase> <!-- standalone -->
</testsuite> <!-- Test1 -->
