<?xml version="1.0" encoding="UTF-8"?>
<!-- Generated by org.testng.reporters.JUnitXMLReporter -->
<testsuite ignored="0" hostname="Gangulas-MacBook-Air.local" failures="0" tests="4" name="Test" time="33.027" errors="0" timestamp="2024-07-09T21:08:01 IST">
  <testcase classname="com.gvk.TestCases.standalonetestdataprovider" name="standalone" time="2.81"/>
  <testcase classname="com.gvk.TestCases.standalonetestdataprovider" name="orderhistory" time="2.732"/>
  <testcase classname="com.gvk.TestCases.standalonetestdataprovider" name="orderhistory" time="0.519"/>
  <testcase classname="com.gvk.TestCases.standalonetestPOMmodified" name="standalone" time="5.996"/>
</testsuite> <!-- Test -->
