<?xml version="1.0" encoding="UTF-8"?>
<!-- Generated by org.testng.reporters.JUnitXMLReporter -->
<testsuite ignored="0" hostname="Gangulas-MacBook-Air.local" failures="0" tests="4" name="Test" time="27.179" errors="0" timestamp="2024-07-09T13:22:56 IST">
  <testcase classname="com.gvk.TestCases.standalonetestdataprovider" name="standalone" time="2.708"/>
  <testcase classname="com.gvk.TestCases.standalonetestdataprovider" name="orderhistory" time="0.52"/>
  <testcase classname="com.gvk.TestCases.standalonetestdataprovider" name="orderhistory" time="0.562"/>
  <testcase classname="com.gvk.TestCases.standalonetestPOMmodified" name="standalone" time="2.607"/>
</testsuite> <!-- Test -->
