<?xml version="1.0" encoding="UTF-8"?>
<testng-results ignored="0" total="5" passed="5" failed="0" skipped="0">
  <reporter-output>
  </reporter-output>
  <suite started-at="2024-07-09T21:07:27 IST" name="Suite" finished-at="2024-07-09T21:08:00 IST" duration-ms="33027">
    <groups>
    </groups>
    <test started-at="2024-07-09T21:07:27 IST" name="Test" finished-at="2024-07-09T21:08:00 IST" duration-ms="33027">
      <class name="com.gvk.TestCases.standalonetestdataprovider">
        <test-method is-config="true" signature="launchapplication()[pri:0, instance:com.gvk.TestCases.standalonetestdataprovider@77167fb7]" started-at="2024-07-09T21:07:28 IST" name="launchapplication" finished-at="2024-07-09T21:07:38 IST" duration-ms="10661" status="PASS">
          <reporter-output>
          </reporter-output>
        </test-method> <!-- launchapplication -->
        <test-method signature="standalone()[pri:0, instance:com.gvk.TestCases.standalonetestdataprovider@77167fb7]" started-at="2024-07-09T21:07:38 IST" name="standalone" finished-at="2024-07-09T21:07:41 IST" duration-ms="2810" status="PASS">
          <reporter-output>
          </reporter-output>
        </test-method> <!-- standalone -->
        <test-method is-config="true" signature="teardown()[pri:0, instance:com.gvk.TestCases.standalonetestdataprovider@77167fb7]" started-at="2024-07-09T21:07:41 IST" name="teardown" finished-at="2024-07-09T21:07:41 IST" duration-ms="116" status="PASS">
          <reporter-output>
          </reporter-output>
        </test-method> <!-- teardown -->
        <test-method is-config="true" signature="launchapplication()[pri:0, instance:com.gvk.TestCases.standalonetestdataprovider@77167fb7]" started-at="2024-07-09T21:07:41 IST" name="launchapplication" finished-at="2024-07-09T21:07:43 IST" duration-ms="1715" status="PASS">
          <reporter-output>
          </reporter-output>
        </test-method> <!-- launchapplication -->
        <test-method signature="orderhistory(java.lang.String,java.lang.String,java.lang.String)[pri:0, instance:com.gvk.TestCases.standalonetestdataprovider@77167fb7]" started-at="2024-07-09T21:07:43 IST" name="orderhistory" data-provider="getdata" finished-at="2024-07-09T21:07:46 IST" depends-on-methods="com.gvk.TestCases.standalonetestdataprovider.standalone" duration-ms="2732" status="PASS">
          <params>
            <param index="0">
              <value>
                <![CDATA[iqa@gmail.com]]>
              </value>
            </param>
            <param index="1">
              <value>
                <![CDATA[738218@Ggvk]]>
              </value>
            </param>
            <param index="2">
              <value>
                <![CDATA[IPHONE 13 PRO]]>
              </value>
            </param>
          </params>
          <reporter-output>
          </reporter-output>
        </test-method> <!-- orderhistory -->
        <test-method is-config="true" signature="teardown()[pri:0, instance:com.gvk.TestCases.standalonetestdataprovider@77167fb7]" started-at="2024-07-09T21:07:46 IST" name="teardown" finished-at="2024-07-09T21:07:46 IST" duration-ms="93" status="PASS">
          <reporter-output>
          </reporter-output>
        </test-method> <!-- teardown -->
        <test-method is-config="true" signature="launchapplication()[pri:0, instance:com.gvk.TestCases.standalonetestdataprovider@77167fb7]" started-at="2024-07-09T21:07:46 IST" name="launchapplication" finished-at="2024-07-09T21:07:52 IST" duration-ms="6036" status="PASS">
          <reporter-output>
          </reporter-output>
        </test-method> <!-- launchapplication -->
        <test-method signature="orderhistory(java.lang.String,java.lang.String,java.lang.String)[pri:0, instance:com.gvk.TestCases.standalonetestdataprovider@77167fb7]" started-at="2024-07-09T21:07:52 IST" name="orderhistory" data-provider="getdata" finished-at="2024-07-09T21:07:53 IST" depends-on-methods="com.gvk.TestCases.standalonetestdataprovider.standalone" duration-ms="519" status="PASS">
          <params>
            <param index="0">
              <value>
                <![CDATA[iqa@gmail.com]]>
              </value>
            </param>
            <param index="1">
              <value>
                <![CDATA[738218@Ggvk]]>
              </value>
            </param>
            <param index="2">
              <value>
                <![CDATA[IPHONE 13 PRO]]>
              </value>
            </param>
          </params>
          <reporter-output>
          </reporter-output>
        </test-method> <!-- orderhistory -->
        <test-method is-config="true" signature="teardown()[pri:0, instance:com.gvk.TestCases.standalonetestdataprovider@77167fb7]" started-at="2024-07-09T21:07:53 IST" name="teardown" finished-at="2024-07-09T21:07:53 IST" duration-ms="96" status="PASS">
          <reporter-output>
          </reporter-output>
        </test-method> <!-- teardown -->
      </class> <!-- com.gvk.TestCases.standalonetestdataprovider -->
      <class name="com.gvk.TestCases.standalonetestPOMmodified">
        <test-method is-config="true" signature="launchapplication()[pri:0, instance:com.gvk.TestCases.standalonetestPOMmodified@161479c6]" started-at="2024-07-09T21:07:53 IST" name="launchapplication" finished-at="2024-07-09T21:07:54 IST" duration-ms="1757" status="PASS">
          <reporter-output>
          </reporter-output>
        </test-method> <!-- launchapplication -->
        <test-method signature="standalone()[pri:0, instance:com.gvk.TestCases.standalonetestPOMmodified@161479c6]" started-at="2024-07-09T21:07:54 IST" name="standalone" finished-at="2024-07-09T21:08:00 IST" duration-ms="5996" status="PASS">
          <reporter-output>
          </reporter-output>
        </test-method> <!-- standalone -->
        <test-method is-config="true" signature="teardown()[pri:0, instance:com.gvk.TestCases.standalonetestPOMmodified@161479c6]" started-at="2024-07-09T21:08:00 IST" name="teardown" finished-at="2024-07-09T21:08:00 IST" duration-ms="103" status="PASS">
          <reporter-output>
          </reporter-output>
        </test-method> <!-- teardown -->
      </class> <!-- com.gvk.TestCases.standalonetestPOMmodified -->
    </test> <!-- Test -->
  </suite> <!-- Suite -->
  <suite started-at="2024-07-09T21:08:01 IST" name="Suite (0)" finished-at="2024-07-09T21:08:09 IST" duration-ms="8567">
    <groups>
    </groups>
    <test started-at="2024-07-09T21:08:01 IST" name="Test" finished-at="2024-07-09T21:08:09 IST" duration-ms="8567">
      <class name="com.gvk.TestCases.standalonetestPOMmodified">
        <test-method is-config="true" signature="launchapplication()[pri:0, instance:com.gvk.TestCases.standalonetestPOMmodified@1622f1b]" started-at="2024-07-09T21:08:01 IST" name="launchapplication" finished-at="2024-07-09T21:08:07 IST" duration-ms="5941" status="PASS">
          <reporter-output>
          </reporter-output>
        </test-method> <!-- launchapplication -->
        <test-method signature="standalone()[pri:0, instance:com.gvk.TestCases.standalonetestPOMmodified@1622f1b]" started-at="2024-07-09T21:08:07 IST" name="standalone" finished-at="2024-07-09T21:08:09 IST" duration-ms="2522" status="PASS">
          <reporter-output>
          </reporter-output>
        </test-method> <!-- standalone -->
        <test-method is-config="true" signature="teardown()[pri:0, instance:com.gvk.TestCases.standalonetestPOMmodified@1622f1b]" started-at="2024-07-09T21:08:09 IST" name="teardown" finished-at="2024-07-09T21:08:09 IST" duration-ms="102" status="PASS">
          <reporter-output>
          </reporter-output>
        </test-method> <!-- teardown -->
      </class> <!-- com.gvk.TestCases.standalonetestPOMmodified -->
    </test> <!-- Test -->
  </suite> <!-- Suite (0) -->
</testng-results>
