<?xml version="1.0" encoding="UTF-8"?>
<testng-results ignored="0" total="5" passed="5" failed="0" skipped="0">
  <reporter-output>
  </reporter-output>
  <suite started-at="2024-07-09T13:22:28 IST" name="Suite" finished-at="2024-07-09T13:22:56 IST" duration-ms="27179">
    <groups>
    </groups>
    <test started-at="2024-07-09T13:22:28 IST" name="Test" finished-at="2024-07-09T13:22:56 IST" duration-ms="27179">
      <class name="com.gvk.TestCases.standalonetestdataprovider">
        <test-method is-config="true" signature="launchapplication()[pri:0, instance:com.gvk.TestCases.standalonetestdataprovider@77167fb7]" started-at="2024-07-09T13:22:28 IST" name="launchapplication" finished-at="2024-07-09T13:22:33 IST" duration-ms="4646" status="PASS">
          <reporter-output>
          </reporter-output>
        </test-method> <!-- launchapplication -->
        <test-method signature="standalone()[pri:0, instance:com.gvk.TestCases.standalonetestdataprovider@77167fb7]" started-at="2024-07-09T13:22:33 IST" name="standalone" finished-at="2024-07-09T13:22:36 IST" duration-ms="2708" status="PASS">
          <reporter-output>
          </reporter-output>
        </test-method> <!-- standalone -->
        <test-method is-config="true" signature="teardown()[pri:0, instance:com.gvk.TestCases.standalonetestdataprovider@77167fb7]" started-at="2024-07-09T13:22:36 IST" name="teardown" finished-at="2024-07-09T13:22:36 IST" duration-ms="115" status="PASS">
          <reporter-output>
          </reporter-output>
        </test-method> <!-- teardown -->
        <test-method is-config="true" signature="launchapplication()[pri:0, instance:com.gvk.TestCases.standalonetestdataprovider@77167fb7]" started-at="2024-07-09T13:22:36 IST" name="launchapplication" finished-at="2024-07-09T13:22:40 IST" duration-ms="4097" status="PASS">
          <reporter-output>
          </reporter-output>
        </test-method> <!-- launchapplication -->
        <test-method signature="orderhistory(java.lang.String,java.lang.String,java.lang.String)[pri:0, instance:com.gvk.TestCases.standalonetestdataprovider@77167fb7]" started-at="2024-07-09T13:22:40 IST" name="orderhistory" data-provider="getdata" finished-at="2024-07-09T13:22:41 IST" depends-on-methods="com.gvk.TestCases.standalonetestdataprovider.standalone" duration-ms="520" status="PASS">
          <params>
            <param index="0">
              <value>
                <![CDATA[iqa@gmail.com]]>
              </value>
            </param>
            <param index="1">
              <value>
                <![CDATA[738218@Ggvk]]>
              </value>
            </param>
            <param index="2">
              <value>
                <![CDATA[IPHONE 13 PRO]]>
              </value>
            </param>
          </params>
          <reporter-output>
          </reporter-output>
        </test-method> <!-- orderhistory -->
        <test-method is-config="true" signature="teardown()[pri:0, instance:com.gvk.TestCases.standalonetestdataprovider@77167fb7]" started-at="2024-07-09T13:22:41 IST" name="teardown" finished-at="2024-07-09T13:22:41 IST" duration-ms="95" status="PASS">
          <reporter-output>
          </reporter-output>
        </test-method> <!-- teardown -->
        <test-method is-config="true" signature="launchapplication()[pri:0, instance:com.gvk.TestCases.standalonetestdataprovider@77167fb7]" started-at="2024-07-09T13:22:41 IST" name="launchapplication" finished-at="2024-07-09T13:22:46 IST" duration-ms="5567" status="PASS">
          <reporter-output>
          </reporter-output>
        </test-method> <!-- launchapplication -->
        <test-method signature="orderhistory(java.lang.String,java.lang.String,java.lang.String)[pri:0, instance:com.gvk.TestCases.standalonetestdataprovider@77167fb7]" started-at="2024-07-09T13:22:46 IST" name="orderhistory" data-provider="getdata" finished-at="2024-07-09T13:22:47 IST" depends-on-methods="com.gvk.TestCases.standalonetestdataprovider.standalone" duration-ms="562" status="PASS">
          <params>
            <param index="0">
              <value>
                <![CDATA[iqa@gmail.com]]>
              </value>
            </param>
            <param index="1">
              <value>
                <![CDATA[738218@Ggvk]]>
              </value>
            </param>
            <param index="2">
              <value>
                <![CDATA[IPHONE 13 PRO]]>
              </value>
            </param>
          </params>
          <reporter-output>
          </reporter-output>
        </test-method> <!-- orderhistory -->
        <test-method is-config="true" signature="teardown()[pri:0, instance:com.gvk.TestCases.standalonetestdataprovider@77167fb7]" started-at="2024-07-09T13:22:47 IST" name="teardown" finished-at="2024-07-09T13:22:47 IST" duration-ms="90" status="PASS">
          <reporter-output>
          </reporter-output>
        </test-method> <!-- teardown -->
      </class> <!-- com.gvk.TestCases.standalonetestdataprovider -->
      <class name="com.gvk.TestCases.standalonetestPOMmodified">
        <test-method is-config="true" signature="launchapplication()[pri:0, instance:com.gvk.TestCases.standalonetestPOMmodified@161479c6]" started-at="2024-07-09T13:22:47 IST" name="launchapplication" finished-at="2024-07-09T13:22:53 IST" duration-ms="5649" status="PASS">
          <reporter-output>
          </reporter-output>
        </test-method> <!-- launchapplication -->
        <test-method signature="standalone()[pri:0, instance:com.gvk.TestCases.standalonetestPOMmodified@161479c6]" started-at="2024-07-09T13:22:53 IST" name="standalone" finished-at="2024-07-09T13:22:55 IST" duration-ms="2607" status="PASS">
          <reporter-output>
          </reporter-output>
        </test-method> <!-- standalone -->
        <test-method is-config="true" signature="teardown()[pri:0, instance:com.gvk.TestCases.standalonetestPOMmodified@161479c6]" started-at="2024-07-09T13:22:55 IST" name="teardown" finished-at="2024-07-09T13:22:56 IST" duration-ms="140" status="PASS">
          <reporter-output>
          </reporter-output>
        </test-method> <!-- teardown -->
      </class> <!-- com.gvk.TestCases.standalonetestPOMmodified -->
    </test> <!-- Test -->
  </suite> <!-- Suite -->
  <suite started-at="2024-07-09T13:22:56 IST" name="Suite (0)" finished-at="2024-07-09T13:23:03 IST" duration-ms="7142">
    <groups>
    </groups>
    <test started-at="2024-07-09T13:22:56 IST" name="Test" finished-at="2024-07-09T13:23:03 IST" duration-ms="7142">
      <class name="com.gvk.TestCases.standalonetestPOMmodified">
        <test-method is-config="true" signature="launchapplication()[pri:0, instance:com.gvk.TestCases.standalonetestPOMmodified@1622f1b]" started-at="2024-07-09T13:22:56 IST" name="launchapplication" finished-at="2024-07-09T13:23:00 IST" duration-ms="4334" status="PASS">
          <reporter-output>
          </reporter-output>
        </test-method> <!-- launchapplication -->
        <test-method signature="standalone()[pri:0, instance:com.gvk.TestCases.standalonetestPOMmodified@1622f1b]" started-at="2024-07-09T13:23:00 IST" name="standalone" finished-at="2024-07-09T13:23:03 IST" duration-ms="2679" status="PASS">
          <reporter-output>
          </reporter-output>
        </test-method> <!-- standalone -->
        <test-method is-config="true" signature="teardown()[pri:0, instance:com.gvk.TestCases.standalonetestPOMmodified@1622f1b]" started-at="2024-07-09T13:23:03 IST" name="teardown" finished-at="2024-07-09T13:23:03 IST" duration-ms="128" status="PASS">
          <reporter-output>
          </reporter-output>
        </test-method> <!-- teardown -->
      </class> <!-- com.gvk.TestCases.standalonetestPOMmodified -->
    </test> <!-- Test -->
  </suite> <!-- Suite (0) -->
</testng-results>
