<?xml version="1.0" encoding="UTF-8"?>
<testng-results ignored="0" total="1" passed="1" failed="0" skipped="0">
  <reporter-output>
  </reporter-output>
  <suite started-at="2024-07-09T12:43:44 IST" name="Suite" finished-at="2024-07-09T12:43:52 IST" duration-ms="8226">
    <groups>
    </groups>
    <test started-at="2024-07-09T12:43:44 IST" name="Test" finished-at="2024-07-09T12:43:52 IST" duration-ms="8226">
      <class name="com.gvk.TestCases.standalonetestPOMmodified">
        <test-method is-config="true" signature="launchapplication()[pri:0, instance:com.gvk.TestCases.standalonetestPOMmodified@481a996b]" started-at="2024-07-09T12:43:44 IST" name="launchapplication" finished-at="2024-07-09T12:43:49 IST" duration-ms="5186" status="PASS">
          <reporter-output>
          </reporter-output>
        </test-method> <!-- launchapplication -->
        <test-method signature="standalone()[pri:0, instance:com.gvk.TestCases.standalonetestPOMmodified@481a996b]" started-at="2024-07-09T12:43:49 IST" name="standalone" finished-at="2024-07-09T12:43:52 IST" duration-ms="2833" status="PASS">
          <reporter-output>
          </reporter-output>
        </test-method> <!-- standalone -->
        <test-method is-config="true" signature="teardown()[pri:0, instance:com.gvk.TestCases.standalonetestPOMmodified@481a996b]" started-at="2024-07-09T12:43:52 IST" name="teardown" finished-at="2024-07-09T12:43:52 IST" duration-ms="104" status="PASS">
          <reporter-output>
          </reporter-output>
        </test-method> <!-- teardown -->
      </class> <!-- com.gvk.TestCases.standalonetestPOMmodified -->
    </test> <!-- Test -->
  </suite> <!-- Suite -->
</testng-results>
